{"uuid":"68186450-6ccb-4fda-8844-1b4503d9654e","historyId":"63721e6658b87e26baa07a5ca3f000d8","fullName":"src/test/resources/features/books.feature:9","labels":[{"name":"host","value":"NTP-LAP-278"},{"name":"thread","value":"89172@NTP-LAP-278.main(1)"},{"name":"feature","value":"Books API"},{"name":"story","value":"Create a new book"},{"name":"suite","value":"Books API"},{"name":"testClass","value":"Create a new book"},{"name":"framework","value":"cucumber4jvm"},{"name":"language","value":"java"},{"name":"gherkin_uri","value":"file:///C:/Users/mukesh.kumar/IdeaProjects/APIAutomationBDD/src/test/resources/features/books.feature"},{"name":"package","value":"src.test.resources.features.books_feature.Books API"}],"links":[],"name":"Create a new book","status":"failed","statusDetails":{"known":false,"muted":false,"flaky":false,"message":"expected:<book 1 description> but was:<null>","trace":"java.lang.AssertionError: expected:<book 1 description> but was:<null>\r\n\tat org.junit.Assert.fail(Assert.java:89)\r\n\tat org.junit.Assert.failNotEquals(Assert.java:835)\r\n\tat org.junit.Assert.assertEquals(Assert.java:120)\r\n\tat org.junit.Assert.assertEquals(Assert.java:146)\r\n\tat com.api.stepdefinitions.BooksSteps.response_should_have_description(BooksSteps.java:54)\r\n\tat ✽.response should have description \"book 1 description\"(file:///C:/Users/mukesh.kumar/IdeaProjects/APIAutomationBDD/src/test/resources/features/books.feature:17)\r\n"},"stage":"finished","steps":[{"name":"Given  book create payload is","status":"passed","statusDetails":{"known":false,"muted":false,"flaky":false},"stage":"finished","steps":[],"attachments":[{"name":"Data table","source":"f8968c0b-bd34-4d57-a3bf-af7ac1ea7083-attachment.csv","type":"text/tab-separated-values"}],"parameters":[],"start":1767767236645,"stop":1767767237152},{"name":"When  user creates a new book","status":"passed","statusDetails":{"known":false,"muted":false,"flaky":false},"stage":"finished","steps":[],"attachments":[],"parameters":[],"start":1767767237155,"stop":1767767239072},{"name":"Then  response status should be 200","status":"passed","statusDetails":{"known":false,"muted":false,"flaky":false},"stage":"finished","steps":[],"attachments":[],"parameters":[],"start":1767767239072,"stop":1767767239076},{"name":"Then  response body should not be empty","status":"passed","statusDetails":{"known":false,"muted":false,"flaky":false},"stage":"finished","steps":[],"attachments":[],"parameters":[],"start":1767767239076,"stop":1767767239107},{"name":"And  response should have title \"book1\"","status":"passed","statusDetails":{"known":false,"muted":false,"flaky":false},"stage":"finished","steps":[],"attachments":[],"parameters":[],"start":1767767239108,"stop":1767767239581},{"name":"And  response should have description \"book 1 description\"","status":"failed","statusDetails":{"known":false,"muted":false,"flaky":false,"message":"expected:<book 1 description> but was:<null>","trace":"java.lang.AssertionError: expected:<book 1 description> but was:<null>\r\n\tat org.junit.Assert.fail(Assert.java:89)\r\n\tat org.junit.Assert.failNotEquals(Assert.java:835)\r\n\tat org.junit.Assert.assertEquals(Assert.java:120)\r\n\tat org.junit.Assert.assertEquals(Assert.java:146)\r\n\tat com.api.stepdefinitions.BooksSteps.response_should_have_description(BooksSteps.java:54)\r\n\tat ✽.response should have description \"book 1 description\"(file:///C:/Users/mukesh.kumar/IdeaProjects/APIAutomationBDD/src/test/resources/features/books.feature:17)\r\n"},"stage":"finished","steps":[],"attachments":[],"parameters":[],"start":1767767239582,"stop":1767767239590}],"attachments":[],"parameters":[],"start":1767767236639,"stop":1767767239597}