{"uuid":"de0cb098-c3c5-4236-a331-45749cd5b37f","historyId":"7028fa836cba2b445945be7cf5c30338","fullName":"src/test/resources/features/books.feature:34","labels":[{"name":"host","value":"NTP-LAP-278"},{"name":"thread","value":"92744@NTP-LAP-278.main(1)"},{"name":"feature","value":"Books API"},{"name":"story","value":"Delete an existing book"},{"name":"suite","value":"Books API"},{"name":"testClass","value":"Delete an existing book"},{"name":"framework","value":"cucumber4jvm"},{"name":"language","value":"java"},{"name":"gherkin_uri","value":"file:///C:/Users/mukesh.kumar/IdeaProjects/APIAutomationBDD/src/test/resources/features/books.feature"},{"name":"package","value":"src.test.resources.features.books_feature.Books API"}],"links":[],"name":"Delete an existing book","status":"failed","statusDetails":{"known":false,"muted":false,"flaky":false,"message":"expected:<200> but was:<405>","trace":"java.lang.AssertionError: expected:<200> but was:<405>\r\n\tat org.junit.Assert.fail(Assert.java:89)\r\n\tat org.junit.Assert.failNotEquals(Assert.java:835)\r\n\tat org.junit.Assert.assertEquals(Assert.java:647)\r\n\tat org.junit.Assert.assertEquals(Assert.java:633)\r\n\tat com.api.stepdefinitions.ActivitiesSteps.response_status_should_be(ActivitiesSteps.java:88)\r\n\tat ✽.response status should be 200(file:///C:/Users/mukesh.kumar/IdeaProjects/APIAutomationBDD/src/test/resources/features/books.feature:37)\r\n"},"stage":"finished","steps":[{"name":"Given  a book with id 1 exists","status":"passed","statusDetails":{"known":false,"muted":false,"flaky":false},"stage":"finished","steps":[],"attachments":[],"parameters":[],"start":1767781414468,"stop":1767781415356},{"name":"When  user deletes book with id 1","status":"passed","statusDetails":{"known":false,"muted":false,"flaky":false},"stage":"finished","steps":[],"attachments":[],"parameters":[],"start":1767781415361,"stop":1767781417520},{"name":"Then  response status should be 200","status":"failed","statusDetails":{"known":false,"muted":false,"flaky":false,"message":"expected:<200> but was:<405>","trace":"java.lang.AssertionError: expected:<200> but was:<405>\r\n\tat org.junit.Assert.fail(Assert.java:89)\r\n\tat org.junit.Assert.failNotEquals(Assert.java:835)\r\n\tat org.junit.Assert.assertEquals(Assert.java:647)\r\n\tat org.junit.Assert.assertEquals(Assert.java:633)\r\n\tat com.api.stepdefinitions.ActivitiesSteps.response_status_should_be(ActivitiesSteps.java:88)\r\n\tat ✽.response status should be 200(file:///C:/Users/mukesh.kumar/IdeaProjects/APIAutomationBDD/src/test/resources/features/books.feature:37)\r\n"},"stage":"finished","steps":[],"attachments":[],"parameters":[],"start":1767781417520,"stop":1767781417527}],"attachments":[],"parameters":[],"start":1767781414458,"stop":1767781417531}