{"uuid":"ed8c0597-d620-42b5-9243-1b836d0a40bb","historyId":"63721e6658b87e26baa07a5ca3f000d8","fullName":"src/test/resources/features/books.feature:9","labels":[{"name":"host","value":"NTP-LAP-278"},{"name":"thread","value":"27472@NTP-LAP-278.main(1)"},{"name":"feature","value":"Books API"},{"name":"story","value":"Create a new book"},{"name":"suite","value":"Books API"},{"name":"testClass","value":"Create a new book"},{"name":"framework","value":"cucumber4jvm"},{"name":"language","value":"java"},{"name":"gherkin_uri","value":"file:///C:/Users/mukesh.kumar/IdeaProjects/APIAutomationBDD/src/test/resources/features/books.feature"},{"name":"package","value":"src.test.resources.features.books_feature.Books API"}],"links":[],"name":"Create a new book","status":"failed","statusDetails":{"known":false,"muted":false,"flaky":false,"message":"expected:<null> but was:<book 1 description>","trace":"java.lang.AssertionError: expected:<null> but was:<book 1 description>\r\n\tat org.junit.Assert.fail(Assert.java:89)\r\n\tat org.junit.Assert.failNotEquals(Assert.java:835)\r\n\tat org.junit.Assert.assertEquals(Assert.java:120)\r\n\tat org.junit.Assert.assertEquals(Assert.java:146)\r\n\tat com.api.stepdefinitions.BooksSteps.response_should_have_description(BooksSteps.java:54)\r\n\tat ✽.response should have description \"book 1 description\"(file:///C:/Users/mukesh.kumar/IdeaProjects/APIAutomationBDD/src/test/resources/features/books.feature:17)\r\n"},"stage":"finished","steps":[{"name":"Given  book create payload is","status":"passed","statusDetails":{"known":false,"muted":false,"flaky":false},"stage":"finished","steps":[],"attachments":[{"name":"Data table","source":"ed35269d-8c8a-4e1c-8164-98e844cd1938-attachment.csv","type":"text/tab-separated-values"}],"parameters":[],"start":1767767087372,"stop":1767767087919},{"name":"When  user creates a new book","status":"passed","statusDetails":{"known":false,"muted":false,"flaky":false},"stage":"finished","steps":[],"attachments":[],"parameters":[],"start":1767767087922,"stop":1767767090290},{"name":"Then  response status should be 200","status":"passed","statusDetails":{"known":false,"muted":false,"flaky":false},"stage":"finished","steps":[],"attachments":[],"parameters":[],"start":1767767090290,"stop":1767767090296},{"name":"Then  response body should not be empty","status":"passed","statusDetails":{"known":false,"muted":false,"flaky":false},"stage":"finished","steps":[],"attachments":[],"parameters":[],"start":1767767090297,"stop":1767767090338},{"name":"And  response should have title \"book1\"","status":"passed","statusDetails":{"known":false,"muted":false,"flaky":false},"stage":"finished","steps":[],"attachments":[],"parameters":[],"start":1767767090338,"stop":1767767091186},{"name":"And  response should have description \"book 1 description\"","status":"failed","statusDetails":{"known":false,"muted":false,"flaky":false,"message":"expected:<null> but was:<book 1 description>","trace":"java.lang.AssertionError: expected:<null> but was:<book 1 description>\r\n\tat org.junit.Assert.fail(Assert.java:89)\r\n\tat org.junit.Assert.failNotEquals(Assert.java:835)\r\n\tat org.junit.Assert.assertEquals(Assert.java:120)\r\n\tat org.junit.Assert.assertEquals(Assert.java:146)\r\n\tat com.api.stepdefinitions.BooksSteps.response_should_have_description(BooksSteps.java:54)\r\n\tat ✽.response should have description \"book 1 description\"(file:///C:/Users/mukesh.kumar/IdeaProjects/APIAutomationBDD/src/test/resources/features/books.feature:17)\r\n"},"stage":"finished","steps":[],"attachments":[],"parameters":[],"start":1767767091186,"stop":1767767091200}],"attachments":[],"parameters":[],"start":1767767087367,"stop":1767767091211}